#
# There is insufficient memory for the Java Runtime Environment to continue.
# Native memory allocation (mmap) failed to map 65536 bytes for Failed to commit metaspace.
# Possible reasons:
#   The system is out of physical RAM or swap space
#   The process is running with CompressedOops enabled, and the Java Heap may be blocking the growth of the native heap
# Possible solutions:
#   Reduce memory load on the system
#   Increase physical memory or swap space
#   Check if swap backing store is full
#   Decrease Java heap size (-Xmx/-Xms)
#   Decrease number of Java threads
#   Decrease Java thread stack sizes (-Xss)
#   Set larger code cache with -XX:ReservedCodeCacheSize=
#   JVM is running with Unscaled Compressed Oops mode in which the Java heap is
#     placed in the first 4GB address space. The Java Heap base address is the
#     maximum limit for the native heap growth. Please use -XX:HeapBaseMinAddress
#     to set the Java Heap base and to place the Java Heap above 4GB virtual address.
# This output file may be truncated or incomplete.
#
#  Out of Memory Error (virtualSpaceNode.cpp:110), pid=25964, tid=26028
#
# JRE version: Java(TM) SE Runtime Environment (20.0.2+9) (build 20.0.2+9-78)
# Java VM: Java HotSpot(TM) 64-Bit Server VM (20.0.2+9-78, mixed mode, sharing, tiered, compressed oops, compressed class ptrs, g1 gc, windows-amd64)
# No core dump will be written. Minidumps are not enabled by default on client versions of Windows
#

---------------  S U M M A R Y ------------

Command Line: -Dfile.encoding=UTF-8 --module-path=C:\Users\user\Documents\NetBeansProjects\Bank Management System\build\classes bank.management.system.signupThree

Host: Intel(R) Core(TM) i5-4570 CPU @ 3.20GHz, 4 cores, 7G,  Windows 10 , 64 bit Build 19041 (10.0.19041.3570)
Time: Wed Nov  8 13:53:21 2023 India Standard Time elapsed time: 0.175494 seconds (0d 0h 0m 0s)

---------------  T H R E A D  ---------------

Current thread (0x0000029d477f7130):  JavaThread "main" [_thread_in_vm, id=26028, stack(0x000000a123b00000,0x000000a123c00000)]

Stack: [0x000000a123b00000,0x000000a123c00000]
Native frames: (J=compiled Java code, j=interpreted, Vv=VM code, C=native code)
V  [jvm.dll+0x6bc25a]
V  [jvm.dll+0x84971a]
V  [jvm.dll+0x84b315]
V  [jvm.dll+0x84ba13]
V  [jvm.dll+0x280e4f]
V  [jvm.dll+0x84565b]
V  [jvm.dll+0x660616]
V  [jvm.dll+0x66067a]
V  [jvm.dll+0x662f53]
V  [jvm.dll+0x662e1e]
V  [jvm.dll+0x66102e]
V  [jvm.dll+0x26c9df]
V  [jvm.dll+0x66b665]
V  [jvm.dll+0x21b712]
V  [jvm.dll+0x21bc45]
V  [jvm.dll+0x21c631]
V  [jvm.dll+0x211a50]
V  [jvm.dll+0x59c7cc]
V  [jvm.dll+0x22303a]
V  [jvm.dll+0x7c38c4]
V  [jvm.dll+0x7c4a0f]
V  [jvm.dll+0x7c4fbf]
V  [jvm.dll+0x7c4c68]
V  [jvm.dll+0x2705bb]
V  [jvm.dll+0x2707df]
V  [jvm.dll+0x5be3f8]
V  [jvm.dll+0x5c1357]
V  [jvm.dll+0x3dc520]
V  [jvm.dll+0x3dbb5f]
C  0x0000029d56e3e7e0

Java frames: (J=compiled Java code, j=interpreted, Vv=VM code)
j  javax.swing.UIManager.setLookAndFeel(Ljavax/swing/LookAndFeel;)V+57 java.desktop@20.0.2
j  javax.swing.UIManager.setLookAndFeel(Ljava/lang/String;)V+16 java.desktop@20.0.2
j  javax.swing.UIManager.initializeDefaultLAF(Ljava/util/Properties;)V+58 java.desktop@20.0.2
j  javax.swing.UIManager.initialize()V+9 java.desktop@20.0.2
j  javax.swing.UIManager.maybeInitialize()V+22 java.desktop@20.0.2
j  javax.swing.UIManager.getUI(Ljavax/swing/JComponent;)Ljavax/swing/plaf/ComponentUI;+0 java.desktop@20.0.2
j  javax.swing.JPanel.updateUI()V+2 java.desktop@20.0.2
j  javax.swing.JPanel.<init>(Ljava/awt/LayoutManager;Z)V+24 java.desktop@20.0.2
j  javax.swing.JPanel.<init>(Z)V+9 java.desktop@20.0.2
j  javax.swing.JPanel.<init>()V+2 java.desktop@20.0.2
j  javax.swing.JRootPane.createGlassPane()Ljava/awt/Component;+4 java.desktop@20.0.2
j  javax.swing.JRootPane.<init>()V+11 java.desktop@20.0.2
j  javax.swing.JFrame.createRootPane()Ljavax/swing/JRootPane;+4 java.desktop@20.0.2
j  javax.swing.JFrame.frameInit()V+16 java.desktop@20.0.2
j  javax.swing.JFrame.<init>()V+20 java.desktop@20.0.2
j  bank.management.system.signupThree.<init>()V+1
j  bank.management.system.signupThree.main([Ljava/lang/String;)V+4
v  ~StubRoutines::call_stub 0x0000029d56e1100d

---------------  P R O C E S S  ---------------

Threads class SMR info:
_java_thread_list=0x0000029d67f95d50, length=14, elements={
0x0000029d477f7130, 0x0000029d6394d560, 0x0000029d6394e360, 0x0000029d63951170,
0x0000029d63956d60, 0x0000029d639576a0, 0x0000029d63958ff0, 0x0000029d639639c0,
0x0000029d6398cd70, 0x0000029d67c993f0, 0x0000029d67d91410, 0x0000029d67f70d60,
0x0000029d67f712b0, 0x0000029d67f9b190
}

Java Threads: ( => current thread )
=>0x0000029d477f7130 JavaThread "main" [_thread_in_vm, id=26028, stack(0x000000a123b00000,0x000000a123c00000)]
  0x0000029d6394d560 JavaThread "Reference Handler" daemon [_thread_blocked, id=26056, stack(0x000000a124200000,0x000000a124300000)]
  0x0000029d6394e360 JavaThread "Finalizer" daemon [_thread_blocked, id=26060, stack(0x000000a124300000,0x000000a124400000)]
  0x0000029d63951170 JavaThread "Signal Dispatcher" daemon [_thread_blocked, id=26064, stack(0x000000a124400000,0x000000a124500000)]
  0x0000029d63956d60 JavaThread "Attach Listener" daemon [_thread_blocked, id=26068, stack(0x000000a124500000,0x000000a124600000)]
  0x0000029d639576a0 JavaThread "Service Thread" daemon [_thread_blocked, id=26072, stack(0x000000a124600000,0x000000a124700000)]
  0x0000029d63958ff0 JavaThread "Monitor Deflation Thread" daemon [_thread_blocked, id=26076, stack(0x000000a124700000,0x000000a124800000)]
  0x0000029d639639c0 JavaThread "C2 CompilerThread0" daemon [_thread_blocked, id=26080, stack(0x000000a124800000,0x000000a124900000)]
  0x0000029d6398cd70 JavaThread "C1 CompilerThread0" daemon [_thread_blocked, id=26084, stack(0x000000a124900000,0x000000a124a00000)]
  0x0000029d67c993f0 JavaThread "Common-Cleaner" daemon [_thread_blocked, id=26088, stack(0x000000a124a00000,0x000000a124b00000)]
  0x0000029d67d91410 JavaThread "Notification Thread" daemon [_thread_blocked, id=26092, stack(0x000000a124b00000,0x000000a124c00000)]
  0x0000029d67f70d60 JavaThread "Java2D Disposer" daemon [_thread_blocked, id=26108, stack(0x000000a124d00000,0x000000a124e00000)]
  0x0000029d67f712b0 JavaThread "AWT-Shutdown" [_thread_blocked, id=26112, stack(0x000000a124e00000,0x000000a124f00000)]
  0x0000029d67f9b190 JavaThread "AWT-Windows" daemon [_thread_in_native, id=26116, stack(0x000000a124f00000,0x000000a125000000)]

Other Threads:
  0x0000029d63930090 VMThread "VM Thread" [stack: 0x000000a124100000,0x000000a124200000] [id=26052]
  0x0000029d67d91960 WatcherThread "VM Periodic Task Thread" [stack: 0x000000a124c00000,0x000000a124d00000] [id=26096]
  0x0000029d47857960 WorkerThread "GC Thread#0" [stack: 0x000000a123c00000,0x000000a123d00000] [id=26032]
  0x0000029d47868810 ConcurrentGCThread "G1 Main Marker" [stack: 0x000000a123d00000,0x000000a123e00000] [id=26036]
  0x0000029d4786a9f0 WorkerThread "G1 Conc#0" [stack: 0x000000a123e00000,0x000000a123f00000] [id=26040]
  0x0000029d637e20b0 ConcurrentGCThread "G1 Refine#0" [stack: 0x000000a123f00000,0x000000a124000000] [id=26044]
  0x0000029d637e2a60 ConcurrentGCThread "G1 Service" [stack: 0x000000a124000000,0x000000a124100000] [id=26048]

Threads with active compile tasks:

VM state: not at safepoint (normal execution)

VM Mutex/Monitor currently owned by a thread:  ([mutex/lock_event])
[0x0000029d4579b810] Metaspace_lock - owner thread: 0x0000029d477f7130

Heap address: 0x0000000081400000, size: 2028 MB, Compressed Oops mode: 32-bit

CDS archive(s) mapped at: [0x0000029d00000000-0x0000029d00c60000-0x0000029d00c60000), size 12976128, SharedBaseAddress: 0x0000029d00000000, ArchiveRelocationMode: 1.
Compressed class space mapped at: 0x0000029d01000000-0x0000029d41000000, reserved size: 1073741824
Narrow klass base: 0x0000029d00000000, Narrow klass shift: 0, Narrow klass range: 0x100000000

GC Precious Log:
 CardTable entry size: 512
 Card Set container configuration: InlinePtr #cards 5 size 8 Array Of Cards #cards 12 size 40 Howl #buckets 4 coarsen threshold 1843 Howl Bitmap #cards 512 size 80 coarsen threshold 460 Card regions per heap region 1 cards per card region 2048
 CPUs: 4 total, 4 available
 Memory: 8110M
 Large Page Support: Disabled
 NUMA Support: Disabled
 Compressed Oops: Enabled (32-bit)
 Heap Region Size: 1M
 Heap Min Capacity: 8M
 Heap Initial Capacity: 128M
 Heap Max Capacity: 2028M
 Pre-touch: Disabled
 Parallel Workers: 4
 Concurrent Workers: 1
 Concurrent Refinement Workers: 4
 Periodic GC: Disabled

Heap:
 garbage-first heap   total 131072K, used 4096K [0x0000000081400000, 0x0000000100000000)
  region size 1024K, 5 young (5120K), 0 survivors (0K)
 Metaspace       used 3538K, committed 3648K, reserved 1114112K
  class space    used 337K, committed 384K, reserved 1048576K

Heap Regions: E=young(eden), S=young(survivor), O=old, HS=humongous(starts), HC=humongous(continues), CS=collection set, F=free, OA=open archive, CA=closed archive, TAMS=top-at-mark-start, PB=parsable bottom
|   0|0x0000000081400000, 0x0000000081400000, 0x0000000081500000|  0%| F|  |TAMS 0x0000000081400000| PB 0x0000000081400000| Untracked 
|   1|0x0000000081500000, 0x0000000081500000, 0x0000000081600000|  0%| F|  |TAMS 0x0000000081500000| PB 0x0000000081500000| Untracked 
|   2|0x0000000081600000, 0x0000000081600000, 0x0000000081700000|  0%| F|  |TAMS 0x0000000081600000| PB 0x0000000081600000| Untracked 
|   3|0x0000000081700000, 0x0000000081700000, 0x0000000081800000|  0%| F|  |TAMS 0x0000000081700000| PB 0x0000000081700000| Untracked 
|   4|0x0000000081800000, 0x0000000081800000, 0x0000000081900000|  0%| F|  |TAMS 0x0000000081800000| PB 0x0000000081800000| Untracked 
|   5|0x0000000081900000, 0x0000000081900000, 0x0000000081a00000|  0%| F|  |TAMS 0x0000000081900000| PB 0x0000000081900000| Untracked 
|   6|0x0000000081a00000, 0x0000000081a00000, 0x0000000081b00000|  0%| F|  |TAMS 0x0000000081a00000| PB 0x0000000081a00000| Untracked 
|   7|0x0000000081b00000, 0x0000000081b00000, 0x0000000081c00000|  0%| F|  |TAMS 0x0000000081b00000| PB 0x0000000081b00000| Untracked 
|   8|0x0000000081c00000, 0x0000000081c00000, 0x0000000081d00000|  0%| F|  |TAMS 0x0000000081c00000| PB 0x0000000081c00000| Untracked 
|   9|0x0000000081d00000, 0x0000000081d00000, 0x0000000081e00000|  0%| F|  |TAMS 0x0000000081d00000| PB 0x0000000081d00000| Untracked 
|  10|0x0000000081e00000, 0x0000000081e00000, 0x0000000081f00000|  0%| F|  |TAMS 0x0000000081e00000| PB 0x0000000081e00000| Untracked 
|  11|0x0000000081f00000, 0x0000000081f00000, 0x0000000082000000|  0%| F|  |TAMS 0x0000000081f00000| PB 0x0000000081f00000| Untracked 
|  12|0x0000000082000000, 0x0000000082000000, 0x0000000082100000|  0%| F|  |TAMS 0x0000000082000000| PB 0x0000000082000000| Untracked 
|  13|0x0000000082100000, 0x0000000082100000, 0x0000000082200000|  0%| F|  |TAMS 0x0000000082100000| PB 0x0000000082100000| Untracked 
|  14|0x0000000082200000, 0x0000000082200000, 0x0000000082300000|  0%| F|  |TAMS 0x0000000082200000| PB 0x0000000082200000| Untracked 
|  15|0x0000000082300000, 0x0000000082300000, 0x0000000082400000|  0%| F|  |TAMS 0x0000000082300000| PB 0x0000000082300000| Untracked 
|  16|0x0000000082400000, 0x0000000082400000, 0x0000000082500000|  0%| F|  |TAMS 0x0000000082400000| PB 0x0000000082400000| Untracked 
|  17|0x0000000082500000, 0x0000000082500000, 0x0000000082600000|  0%| F|  |TAMS 0x0000000082500000| PB 0x0000000082500000| Untracked 
|  18|0x0000000082600000, 0x0000000082600000, 0x0000000082700000|  0%| F|  |TAMS 0x0000000082600000| PB 0x0000000082600000| Untracked 
|  19|0x0000000082700000, 0x0000000082700000, 0x0000000082800000|  0%| F|  |TAMS 0x0000000082700000| PB 0x0000000082700000| Untracked 
|  20|0x0000000082800000, 0x0000000082800000, 0x0000000082900000|  0%| F|  |TAMS 0x0000000082800000| PB 0x0000000082800000| Untracked 
|  21|0x0000000082900000, 0x0000000082900000, 0x0000000082a00000|  0%| F|  |TAMS 0x0000000082900000| PB 0x0000000082900000| Untracked 
|  22|0x0000000082a00000, 0x0000000082a00000, 0x0000000082b00000|  0%| F|  |TAMS 0x0000000082a00000| PB 0x0000000082a00000| Untracked 
|  23|0x0000000082b00000, 0x0000000082b00000, 0x0000000082c00000|  0%| F|  |TAMS 0x0000000082b00000| PB 0x0000000082b00000| Untracked 
|  24|0x0000000082c00000, 0x0000000082c00000, 0x0000000082d00000|  0%| F|  |TAMS 0x0000000082c00000| PB 0x0000000082c00000| Untracked 
|  25|0x0000000082d00000, 0x0000000082d00000, 0x0000000082e00000|  0%| F|  |TAMS 0x0000000082d00000| PB 0x0000000082d00000| Untracked 
|  26|0x0000000082e00000, 0x0000000082e00000, 0x0000000082f00000|  0%| F|  |TAMS 0x0000000082e00000| PB 0x0000000082e00000| Untracked 
|  27|0x0000000082f00000, 0x0000000082f00000, 0x0000000083000000|  0%| F|  |TAMS 0x0000000082f00000| PB 0x0000000082f00000| Untracked 
|  28|0x0000000083000000, 0x0000000083000000, 0x0000000083100000|  0%| F|  |TAMS 0x0000000083000000| PB 0x0000000083000000| Untracked 
|  29|0x0000000083100000, 0x0000000083100000, 0x0000000083200000|  0%| F|  |TAMS 0x0000000083100000| PB 0x0000000083100000| Untracked 
|  30|0x0000000083200000, 0x0000000083200000, 0x0000000083300000|  0%| F|  |TAMS 0x0000000083200000| PB 0x0000000083200000| Untracked 
|  31|0x0000000083300000, 0x0000000083300000, 0x0000000083400000|  0%| F|  |TAMS 0x0000000083300000| PB 0x0000000083300000| Untracked 
|  32|0x0000000083400000, 0x0000000083400000, 0x0000000083500000|  0%| F|  |TAMS 0x0000000083400000| PB 0x0000000083400000| Untracked 
|  33|0x0000000083500000, 0x0000000083500000, 0x0000000083600000|  0%| F|  |TAMS 0x0000000083500000| PB 0x0000000083500000| Untracked 
|  34|0x0000000083600000, 0x0000000083600000, 0x0000000083700000|  0%| F|  |TAMS 0x0000000083600000| PB 0x0000000083600000| Untracked 
|  35|0x0000000083700000, 0x0000000083700000, 0x0000000083800000|  0%| F|  |TAMS 0x0000000083700000| PB 0x0000000083700000| Untracked 
|  36|0x0000000083800000, 0x0000000083800000, 0x0000000083900000|  0%| F|  |TAMS 0x0000000083800000| PB 0x0000000083800000| Untracked 
|  37|0x0000000083900000, 0x0000000083900000, 0x0000000083a00000|  0%| F|  |TAMS 0x0000000083900000| PB 0x0000000083900000| Untracked 
|  38|0x0000000083a00000, 0x0000000083a00000, 0x0000000083b00000|  0%| F|  |TAMS 0x0000000083a00000| PB 0x0000000083a00000| Untracked 
|  39|0x0000000083b00000, 0x0000000083b00000, 0x0000000083c00000|  0%| F|  |TAMS 0x0000000083b00000| PB 0x0000000083b00000| Untracked 
|  40|0x0000000083c00000, 0x0000000083c00000, 0x0000000083d00000|  0%| F|  |TAMS 0x0000000083c00000| PB 0x0000000083c00000| Untracked 
|  41|0x0000000083d00000, 0x0000000083d00000, 0x0000000083e00000|  0%| F|  |TAMS 0x0000000083d00000| PB 0x0000000083d00000| Untracked 
|  42|0x0000000083e00000, 0x0000000083e00000, 0x0000000083f00000|  0%| F|  |TAMS 0x0000000083e00000| PB 0x0000000083e00000| Untracked 
|  43|0x0000000083f00000, 0x0000000083f00000, 0x0000000084000000|  0%| F|  |TAMS 0x0000000083f00000| PB 0x0000000083f00000| Untracked 
|  44|0x0000000084000000, 0x0000000084000000, 0x0000000084100000|  0%| F|  |TAMS 0x0000000084000000| PB 0x0000000084000000| Untracked 
|  45|0x0000000084100000, 0x0000000084100000, 0x0000000084200000|  0%| F|  |TAMS 0x0000000084100000| PB 0x0000000084100000| Untracked 
|  46|0x0000000084200000, 0x0000000084200000, 0x0000000084300000|  0%| F|  |TAMS 0x0000000084200000| PB 0x0000000084200000| Untracked 
|  47|0x0000000084300000, 0x0000000084300000, 0x0000000084400000|  0%| F|  |TAMS 0x0000000084300000| PB 0x0000000084300000| Untracked 
|  48|0x0000000084400000, 0x0000000084400000, 0x0000000084500000|  0%| F|  |TAMS 0x0000000084400000| PB 0x0000000084400000| Untracked 
|  49|0x0000000084500000, 0x0000000084500000, 0x0000000084600000|  0%| F|  |TAMS 0x0000000084500000| PB 0x0000000084500000| Untracked 
|  50|0x0000000084600000, 0x0000000084600000, 0x0000000084700000|  0%| F|  |TAMS 0x0000000084600000| PB 0x0000000084600000| Untracked 
|  51|0x0000000084700000, 0x0000000084700000, 0x0000000084800000|  0%| F|  |TAMS 0x0000000084700000| PB 0x0000000084700000| Untracked 
|  52|0x0000000084800000, 0x0000000084800000, 0x0000000084900000|  0%| F|  |TAMS 0x0000000084800000| PB 0x0000000084800000| Untracked 
|  53|0x0000000084900000, 0x0000000084900000, 0x0000000084a00000|  0%| F|  |TAMS 0x0000000084900000| PB 0x0000000084900000| Untracked 
|  54|0x0000000084a00000, 0x0000000084a00000, 0x0000000084b00000|  0%| F|  |TAMS 0x0000000084a00000| PB 0x0000000084a00000| Untracked 
|  55|0x0000000084b00000, 0x0000000084b00000, 0x0000000084c00000|  0%| F|  |TAMS 0x0000000084b00000| PB 0x0000000084b00000| Untracked 
|  56|0x0000000084c00000, 0x0000000084c00000, 0x0000000084d00000|  0%| F|  |TAMS 0x0000000084c00000| PB 0x0000000084c00000| Untracked 
|  57|0x0000000084d00000, 0x0000000084d00000, 0x0000000084e00000|  0%| F|  |TAMS 0x0000000084d00000| PB 0x0000000084d00000| Untracked 
|  58|0x0000000084e00000, 0x0000000084e00000, 0x0000000084f00000|  0%| F|  |TAMS 0x0000000084e00000| PB 0x0000000084e00000| Untracked 
|  59|0x0000000084f00000, 0x0000000084f00000, 0x0000000085000000|  0%| F|  |TAMS 0x0000000084f00000| PB 0x0000000084f00000| Untracked 
|  60|0x0000000085000000, 0x0000000085000000, 0x0000000085100000|  0%| F|  |TAMS 0x0000000085000000| PB 0x0000000085000000| Untracked 
|  61|0x0000000085100000, 0x0000000085100000, 0x0000000085200000|  0%| F|  |TAMS 0x0000000085100000| PB 0x0000000085100000| Untracked 
|  62|0x0000000085200000, 0x0000000085200000, 0x0000000085300000|  0%| F|  |TAMS 0x0000000085200000| PB 0x0000000085200000| Untracked 
|  63|0x0000000085300000, 0x0000000085300000, 0x0000000085400000|  0%| F|  |TAMS 0x0000000085300000| PB 0x0000000085300000| Untracked 
|  64|0x0000000085400000, 0x0000000085400000, 0x0000000085500000|  0%| F|  |TAMS 0x0000000085400000| PB 0x0000000085400000| Untracked 
|  65|0x0000000085500000, 0x0000000085500000, 0x0000000085600000|  0%| F|  |TAMS 0x0000000085500000| PB 0x0000000085500000| Untracked 
|  66|0x0000000085600000, 0x0000000085600000, 0x0000000085700000|  0%| F|  |TAMS 0x0000000085600000| PB 0x0000000085600000| Untracked 
|  67|0x0000000085700000, 0x0000000085700000, 0x0000000085800000|  0%| F|  |TAMS 0x0000000085700000| PB 0x0000000085700000| Untracked 
|  68|0x0000000085800000, 0x0000000085800000, 0x0000000085900000|  0%| F|  |TAMS 0x0000000085800000| PB 0x0000000085800000| Untracked 
|  69|0x0000000085900000, 0x0000000085900000, 0x0000000085a00000|  0%| F|  |TAMS 0x0000000085900000| PB 0x0000000085900000| Untracked 
|  70|0x0000000085a00000, 0x0000000085a00000, 0x0000000085b00000|  0%| F|  |TAMS 0x0000000085a00000| PB 0x0000000085a00000| Untracked 
|  71|0x0000000085b00000, 0x0000000085b00000, 0x0000000085c00000|  0%| F|  |TAMS 0x0000000085b00000| PB 0x0000000085b00000| Untracked 
|  72|0x0000000085c00000, 0x0000000085c00000, 0x0000000085d00000|  0%| F|  |TAMS 0x0000000085c00000| PB 0x0000000085c00000| Untracked 
|  73|0x0000000085d00000, 0x0000000085d00000, 0x0000000085e00000|  0%| F|  |TAMS 0x0000000085d00000| PB 0x0000000085d00000| Untracked 
|  74|0x0000000085e00000, 0x0000000085e00000, 0x0000000085f00000|  0%| F|  |TAMS 0x0000000085e00000| PB 0x0000000085e00000| Untracked 
|  75|0x0000000085f00000, 0x0000000085f00000, 0x0000000086000000|  0%| F|  |TAMS 0x0000000085f00000| PB 0x0000000085f00000| Untracked 
|  76|0x0000000086000000, 0x0000000086000000, 0x0000000086100000|  0%| F|  |TAMS 0x0000000086000000| PB 0x0000000086000000| Untracked 
|  77|0x0000000086100000, 0x0000000086100000, 0x0000000086200000|  0%| F|  |TAMS 0x0000000086100000| PB 0x0000000086100000| Untracked 
|  78|0x0000000086200000, 0x0000000086200000, 0x0000000086300000|  0%| F|  |TAMS 0x0000000086200000| PB 0x0000000086200000| Untracked 
|  79|0x0000000086300000, 0x0000000086300000, 0x0000000086400000|  0%| F|  |TAMS 0x0000000086300000| PB 0x0000000086300000| Untracked 
|  80|0x0000000086400000, 0x0000000086400000, 0x0000000086500000|  0%| F|  |TAMS 0x0000000086400000| PB 0x0000000086400000| Untracked 
|  81|0x0000000086500000, 0x0000000086500000, 0x0000000086600000|  0%| F|  |TAMS 0x0000000086500000| PB 0x0000000086500000| Untracked 
|  82|0x0000000086600000, 0x0000000086600000, 0x0000000086700000|  0%| F|  |TAMS 0x0000000086600000| PB 0x0000000086600000| Untracked 
|  83|0x0000000086700000, 0x0000000086700000, 0x0000000086800000|  0%| F|  |TAMS 0x0000000086700000| PB 0x0000000086700000| Untracked 
|  84|0x0000000086800000, 0x0000000086800000, 0x0000000086900000|  0%| F|  |TAMS 0x0000000086800000| PB 0x0000000086800000| Untracked 
|  85|0x0000000086900000, 0x0000000086900000, 0x0000000086a00000|  0%| F|  |TAMS 0x0000000086900000| PB 0x0000000086900000| Untracked 
|  86|0x0000000086a00000, 0x0000000086a00000, 0x0000000086b00000|  0%| F|  |TAMS 0x0000000086a00000| PB 0x0000000086a00000| Untracked 
|  87|0x0000000086b00000, 0x0000000086b00000, 0x0000000086c00000|  0%| F|  |TAMS 0x0000000086b00000| PB 0x0000000086b00000| Untracked 
|  88|0x0000000086c00000, 0x0000000086c00000, 0x0000000086d00000|  0%| F|  |TAMS 0x0000000086c00000| PB 0x0000000086c00000| Untracked 
|  89|0x0000000086d00000, 0x0000000086d00000, 0x0000000086e00000|  0%| F|  |TAMS 0x0000000086d00000| PB 0x0000000086d00000| Untracked 
|  90|0x0000000086e00000, 0x0000000086e00000, 0x0000000086f00000|  0%| F|  |TAMS 0x0000000086e00000| PB 0x0000000086e00000| Untracked 
|  91|0x0000000086f00000, 0x0000000086f00000, 0x0000000087000000|  0%| F|  |TAMS 0x0000000086f00000| PB 0x0000000086f00000| Untracked 
|  92|0x0000000087000000, 0x0000000087000000, 0x0000000087100000|  0%| F|  |TAMS 0x0000000087000000| PB 0x0000000087000000| Untracked 
|  93|0x0000000087100000, 0x0000000087100000, 0x0000000087200000|  0%| F|  |TAMS 0x0000000087100000| PB 0x0000000087100000| Untracked 
|  94|0x0000000087200000, 0x0000000087200000, 0x0000000087300000|  0%| F|  |TAMS 0x0000000087200000| PB 0x0000000087200000| Untracked 
|  95|0x0000000087300000, 0x0000000087300000, 0x0000000087400000|  0%| F|  |TAMS 0x0000000087300000| PB 0x0000000087300000| Untracked 
|  96|0x0000000087400000, 0x0000000087400000, 0x0000000087500000|  0%| F|  |TAMS 0x0000000087400000| PB 0x0000000087400000| Untracked 
|  97|0x0000000087500000, 0x0000000087500000, 0x0000000087600000|  0%| F|  |TAMS 0x0000000087500000| PB 0x0000000087500000| Untracked 
|  98|0x0000000087600000, 0x0000000087600000, 0x0000000087700000|  0%| F|  |TAMS 0x0000000087600000| PB 0x0000000087600000| Untracked 
|  99|0x0000000087700000, 0x0000000087700000, 0x0000000087800000|  0%| F|  |TAMS 0x0000000087700000| PB 0x0000000087700000| Untracked 
| 100|0x0000000087800000, 0x0000000087800000, 0x0000000087900000|  0%| F|  |TAMS 0x0000000087800000| PB 0x0000000087800000| Untracked 
| 101|0x0000000087900000, 0x0000000087900000, 0x0000000087a00000|  0%| F|  |TAMS 0x0000000087900000| PB 0x0000000087900000| Untracked 
| 102|0x0000000087a00000, 0x0000000087a00000, 0x0000000087b00000|  0%| F|  |TAMS 0x0000000087a00000| PB 0x0000000087a00000| Untracked 
| 103|0x0000000087b00000, 0x0000000087b00000, 0x0000000087c00000|  0%| F|  |TAMS 0x0000000087b00000| PB 0x0000000087b00000| Untracked 
| 104|0x0000000087c00000, 0x0000000087c00000, 0x0000000087d00000|  0%| F|  |TAMS 0x0000000087c00000| PB 0x0000000087c00000| Untracked 
| 105|0x0000000087d00000, 0x0000000087d00000, 0x0000000087e00000|  0%| F|  |TAMS 0x0000000087d00000| PB 0x0000000087d00000| Untracked 
| 106|0x0000000087e00000, 0x0000000087e00000, 0x0000000087f00000|  0%| F|  |TAMS 0x0000000087e00000| PB 0x0000000087e00000| Untracked 
| 107|0x0000000087f00000, 0x0000000087f00000, 0x0000000088000000|  0%| F|  |TAMS 0x0000000087f00000| PB 0x0000000087f00000| Untracked 
| 108|0x0000000088000000, 0x0000000088000000, 0x0000000088100000|  0%| F|  |TAMS 0x0000000088000000| PB 0x0000000088000000| Untracked 
| 109|0x0000000088100000, 0x0000000088100000, 0x0000000088200000|  0%| F|  |TAMS 0x0000000088100000| PB 0x0000000088100000| Untracked 
| 110|0x0000000088200000, 0x0000000088200000, 0x0000000088300000|  0%| F|  |TAMS 0x0000000088200000| PB 0x0000000088200000| Untracked 
| 111|0x0000000088300000, 0x0000000088300000, 0x0000000088400000|  0%| F|  |TAMS 0x0000000088300000| PB 0x0000000088300000| Untracked 
| 112|0x0000000088400000, 0x0000000088400000, 0x0000000088500000|  0%| F|  |TAMS 0x0000000088400000| PB 0x0000000088400000| Untracked 
| 113|0x0000000088500000, 0x0000000088500000, 0x0000000088600000|  0%| F|  |TAMS 0x0000000088500000| PB 0x0000000088500000| Untracked 
| 114|0x0000000088600000, 0x0000000088600000, 0x0000000088700000|  0%| F|  |TAMS 0x0000000088600000| PB 0x0000000088600000| Untracked 
| 115|0x0000000088700000, 0x0000000088700000, 0x0000000088800000|  0%| F|  |TAMS 0x0000000088700000| PB 0x0000000088700000| Untracked 
| 116|0x0000000088800000, 0x0000000088800000, 0x0000000088900000|  0%| F|  |TAMS 0x0000000088800000| PB 0x0000000088800000| Untracked 
| 117|0x0000000088900000, 0x0000000088900000, 0x0000000088a00000|  0%| F|  |TAMS 0x0000000088900000| PB 0x0000000088900000| Untracked 
| 118|0x0000000088a00000, 0x0000000088a00000, 0x0000000088b00000|  0%| F|  |TAMS 0x0000000088a00000| PB 0x0000000088a00000| Untracked 
| 119|0x0000000088b00000, 0x0000000088b00000, 0x0000000088c00000|  0%| F|  |TAMS 0x0000000088b00000| PB 0x0000000088b00000| Untracked 
| 120|0x0000000088c00000, 0x0000000088c00000, 0x0000000088d00000|  0%| F|  |TAMS 0x0000000088c00000| PB 0x0000000088c00000| Untracked 
| 121|0x0000000088d00000, 0x0000000088d00000, 0x0000000088e00000|  0%| F|  |TAMS 0x0000000088d00000| PB 0x0000000088d00000| Untracked 
| 122|0x0000000088e00000, 0x0000000088e00000, 0x0000000088f00000|  0%| F|  |TAMS 0x0000000088e00000| PB 0x0000000088e00000| Untracked 
| 123|0x0000000088f00000, 0x0000000088f43118, 0x0000000089000000| 26%| E|  |TAMS 0x0000000088f00000| PB 0x0000000088f00000| Complete 
| 124|0x0000000089000000, 0x0000000089100000, 0x0000000089100000|100%| E|CS|TAMS 0x0000000089000000| PB 0x0000000089000000| Complete 
| 125|0x0000000089100000, 0x0000000089200000, 0x0000000089200000|100%| E|CS|TAMS 0x0000000089100000| PB 0x0000000089100000| Complete 
| 126|0x0000000089200000, 0x0000000089300000, 0x0000000089300000|100%| E|CS|TAMS 0x0000000089200000| PB 0x0000000089200000| Complete 
| 127|0x0000000089300000, 0x0000000089400000, 0x0000000089400000|100%| E|CS|TAMS 0x0000000089300000| PB 0x0000000089300000| Complete 

Card table byte_map: [0x0000029d5ece0000,0x0000029d5f0e0000] _byte_map_base: 0x0000029d5e8d6000

Marking Bits: (CMBitMap*) 0x0000029d47857f90
 Bits: [0x0000029d5f4e0000, 0x0000029d61490000)

Polling page: 0x0000029d457f0000

Metaspace:

Usage:
  Non-class:      3.13 MB used.
      Class:    337.51 KB used.
       Both:      3.46 MB used.

Virtual space:
  Non-class space:       64.00 MB reserved,       3.19 MB (  5%) committed,  1 nodes.
      Class space:        1.00 GB reserved,     384.00 KB ( <1%) committed,  1 nodes.
             Both:        1.06 GB reserved,       3.56 MB ( <1%) committed. 

Chunk freelists:
   Non-Class:  3.90 MB
       Class:  3.57 MB
        Both:  7.48 MB

MaxMetaspaceSize: unlimited
CompressedClassSpaceSize: 1.00 GB
Initial GC threshold: 21.00 MB
Current GC threshold: 21.00 MB
CDS: on
MetaspaceReclaimPolicy: balanced
 - commit_granule_bytes: 65536.
 - commit_granule_words: 8192.
 - virtual_space_node_default_size: 8388608.
 - enlarge_chunks_in_place: 1.
 - new_chunks_are_fully_committed: 0.
 - uncommit_free_chunks: 1.
 - use_allocation_guard: 0.


Internal statistics:

num_allocs_failed_limit: 0.
num_arena_births: 94.
num_arena_deaths: 0.
num_vsnodes_births: 2.
num_vsnodes_deaths: 0.
num_space_committed: 57.
num_space_uncommitted: 0.
num_chunks_returned_to_freelist: 0.
num_chunks_taken_from_freelist: 113.
num_chunk_merges: 0.
num_chunk_splits: 67.
num_chunks_enlarged: 26.
num_inconsistent_stats: 0.

CodeHeap 'non-profiled nmethods': size=120000Kb used=136Kb max_used=136Kb free=119863Kb
 bounds [0x0000029d573b0000, 0x0000029d57620000, 0x0000029d5e8e0000]
CodeHeap 'profiled nmethods': size=120000Kb used=556Kb max_used=556Kb free=119443Kb
 bounds [0x0000029d4f8e0000, 0x0000029d4fb50000, 0x0000029d56e10000]
CodeHeap 'non-nmethods': size=5760Kb used=1461Kb max_used=1470Kb free=4298Kb
 bounds [0x0000029d56e10000, 0x0000029d57080000, 0x0000029d573b0000]
 total_blobs=929 nmethods=433 adapters=407
 compilation: enabled
              stopped_count=0, restarted_count=0
 full_count=0

Compilation events (20 events):
Event: 0.169 Thread 0x0000029d6398cd70  423       3       java.lang.String::compareTo (9 bytes)
Event: 0.170 Thread 0x0000029d6398cd70 nmethod 423 0x0000029d4f965a90 code [0x0000029d4f965c20, 0x0000029d4f965e48]
Event: 0.170 Thread 0x0000029d6398cd70  424       3       java.lang.String::compareTo (63 bytes)
Event: 0.170 Thread 0x0000029d6398cd70 nmethod 424 0x0000029d4f965f10 code [0x0000029d4f966100, 0x0000029d4f966580]
Event: 0.170 Thread 0x0000029d6398cd70  426       3       java.lang.StringLatin1::compareTo (14 bytes)
Event: 0.170 Thread 0x0000029d6398cd70 nmethod 426 0x0000029d4f966710 code [0x0000029d4f9668a0, 0x0000029d4f9669c0]
Event: 0.170 Thread 0x0000029d6398cd70  427       3       java.util.HashMap::putVal (300 bytes)
Event: 0.171 Thread 0x0000029d6398cd70 nmethod 427 0x0000029d4f966a90 code [0x0000029d4f966d20, 0x0000029d4f967f28]
Event: 0.171 Thread 0x0000029d6398cd70  429       3       java.util.IdentityHashMap$IdentityHashMapIterator::hasNext (50 bytes)
Event: 0.171 Thread 0x0000029d6398cd70 nmethod 429 0x0000029d4f968410 code [0x0000029d4f9685a0, 0x0000029d4f968800]
Event: 0.171 Thread 0x0000029d6398cd70  428       1       java.util.concurrent.atomic.AtomicInteger::get (5 bytes)
Event: 0.171 Thread 0x0000029d6398cd70 nmethod 428 0x0000029d573d1e10 code [0x0000029d573d1f80, 0x0000029d573d2048]
Event: 0.172 Thread 0x0000029d6398cd70  430       3       java.lang.invoke.InvokerBytecodeGenerator::emitLoadInsn (21 bytes)
Event: 0.172 Thread 0x0000029d6398cd70 nmethod 430 0x0000029d4f968910 code [0x0000029d4f968ac0, 0x0000029d4f968d10]
Event: 0.172 Thread 0x0000029d6398cd70  431       3       java.lang.invoke.InvokerBytecodeGenerator::loadInsnOpcode (98 bytes)
Event: 0.172 Thread 0x0000029d6398cd70 nmethod 431 0x0000029d4f968e90 code [0x0000029d4f9690e0, 0x0000029d4f969a38]
Event: 0.172 Thread 0x0000029d6398cd70  432       3       sun.invoke.util.BytecodeDescriptor::unparseSig (49 bytes)
Event: 0.173 Thread 0x0000029d6398cd70 nmethod 432 0x0000029d4f969d90 code [0x0000029d4f969fa0, 0x0000029d4f96a3f8]
Event: 0.173 Thread 0x0000029d6398cd70  433       3       sun.awt.AppContext::getAppContext (51 bytes)
Event: 0.173 Thread 0x0000029d6398cd70 nmethod 433 0x0000029d4f96a610 code [0x0000029d4f96a820, 0x0000029d4f96aff8]

GC Heap History (0 events):
No events

Dll operation events (7 events):
Event: 0.007 Loaded shared library C:\Program Files\Java\jdk-20\bin\java.dll
Event: 0.023 Loaded shared library C:\Program Files\Java\jdk-20\bin\jsvml.dll
Event: 0.058 Loaded shared library C:\Program Files\Java\jdk-20\bin\net.dll
Event: 0.060 Loaded shared library C:\Program Files\Java\jdk-20\bin\nio.dll
Event: 0.075 Loaded shared library C:\Program Files\Java\jdk-20\bin\zip.dll
Event: 0.086 Loaded shared library C:\Program Files\Java\jdk-20\bin\jimage.dll
Event: 0.098 Loaded shared library C:\Program Files\Java\jdk-20\bin\awt.dll

Deoptimization events (4 events):
Event: 0.170 Thread 0x0000029d477f7130 Uncommon trap: trap_request=0xffffff45 fr.pc=0x0000029d573bf86c relative=0x00000000000009ec
Event: 0.170 Thread 0x0000029d477f7130 Uncommon trap: reason=unstable_if action=reinterpret pc=0x0000029d573bf86c method=java.util.HashMap.putVal(ILjava/lang/Object;Ljava/lang/Object;ZZ)Ljava/lang/Object; @ 236 c2
Event: 0.170 Thread 0x0000029d477f7130 DEOPT PACKING pc=0x0000029d573bf86c sp=0x000000a123bfdc70
Event: 0.170 Thread 0x0000029d477f7130 DEOPT UNPACKING pc=0x0000029d56e79d22 sp=0x000000a123bfdc28 mode 2

Classes loaded (20 events):
Event: 0.171 Loading class sun/swing/StringUIClientPropertyKey done
Event: 0.171 Loading class sun/swing/SwingUtilities2$LSBCacheEntry
Event: 0.171 Loading class sun/swing/SwingUtilities2$LSBCacheEntry done
Event: 0.171 Loading class javax/swing/UIManager$LAFState
Event: 0.171 Loading class javax/swing/UIManager$LAFState done
Event: 0.171 Loading class javax/swing/UIDefaults
Event: 0.171 Loading class javax/swing/UIDefaults done
Event: 0.171 Loading class javax/swing/MultiUIDefaults
Event: 0.171 Loading class javax/swing/MultiUIDefaults done
Event: 0.171 Loading class sun/swing/SwingAccessor$UIDefaultsAccessor
Event: 0.171 Loading class sun/swing/SwingAccessor$UIDefaultsAccessor done
Event: 0.172 Loading class javax/swing/UIManager$1
Event: 0.172 Loading class javax/swing/UIManager$1 done
Event: 0.173 Loading class javax/swing/plaf/metal/MetalLookAndFeel
Event: 0.174 Loading class javax/swing/plaf/basic/BasicLookAndFeel
Event: 0.174 Loading class javax/swing/LookAndFeel
Event: 0.174 Loading class javax/swing/LookAndFeel done
Event: 0.174 Loading class javax/swing/plaf/basic/BasicLookAndFeel done
Event: 0.174 Loading class javax/swing/plaf/metal/MetalLookAndFeel done
Event: 0.174 Loading class sun/swing/DefaultLookup

Classes unloaded (0 events):
No events

Classes redefined (0 events):
No events

Internal exceptions (7 events):
Event: 0.061 Thread 0x0000029d477f7130 Exception <a 'sun/nio/fs/WindowsException'{0x000000008923f1c8}> (0x000000008923f1c8) 
thrown [s\open\src\hotspot\share\prims\jni.cpp, line 519]
Event: 0.062 Thread 0x0000029d477f7130 Exception <a 'sun/nio/fs/WindowsException'{0x00000000892416d8}> (0x00000000892416d8) 
thrown [s\open\src\hotspot\share\prims\jni.cpp, line 519]
Event: 0.063 Thread 0x0000029d477f7130 Exception <a 'sun/nio/fs/WindowsException'{0x00000000892421d0}> (0x00000000892421d0) 
thrown [s\open\src\hotspot\share\prims\jni.cpp, line 519]
Event: 0.091 Thread 0x0000029d477f7130 Exception <a 'java/lang/ClassNotFoundException'{0x000000008914c5c0}: sun/awt/resources/spi/awtProvider> (0x000000008914c5c0) 
thrown [s\open\src\hotspot\share\classfile\systemDictionary.cpp, line 305]
Event: 0.107 Thread 0x0000029d477f7130 Exception <a 'java/io/FileNotFoundException'{0x00000000891a2e38}> (0x00000000891a2e38) 
thrown [s\open\src\hotspot\share\prims\jni.cpp, line 519]
Event: 0.112 Thread 0x0000029d477f7130 Exception <a 'java/io/FileNotFoundException'{0x00000000891cd010}> (0x00000000891cd010) 
thrown [s\open\src\hotspot\share\prims\jni.cpp, line 519]
Event: 0.172 Thread 0x0000029d477f7130 Exception <a 'java/lang/NoSuchMethodError'{0x0000000088f1f000}: 'void java.lang.invoke.DirectMethodHandle$Holder.invokeSpecial(java.lang.Object, java.lang.Object, java.lang.Object)'> (0x0000000088f1f000) 
thrown [s\open\src\hotspot\share\interpreter\linkResolver.cpp, line 773]

VM Operations (4 events):
Event: 0.063 Executing VM operation: HandshakeAllThreads
Event: 0.064 Executing VM operation: HandshakeAllThreads done
Event: 0.118 Executing VM operation: HandshakeAllThreads
Event: 0.118 Executing VM operation: HandshakeAllThreads done

Events (14 events):
Event: 0.023 Thread 0x0000029d477f7130 Thread added: 0x0000029d477f7130
Event: 0.032 Thread 0x0000029d6394d560 Thread added: 0x0000029d6394d560
Event: 0.033 Thread 0x0000029d6394e360 Thread added: 0x0000029d6394e360
Event: 0.033 Thread 0x0000029d63951170 Thread added: 0x0000029d63951170
Event: 0.033 Thread 0x0000029d63956d60 Thread added: 0x0000029d63956d60
Event: 0.033 Thread 0x0000029d639576a0 Thread added: 0x0000029d639576a0
Event: 0.033 Thread 0x0000029d63958ff0 Thread added: 0x0000029d63958ff0
Event: 0.033 Thread 0x0000029d639639c0 Thread added: 0x0000029d639639c0
Event: 0.033 Thread 0x0000029d6398cd70 Thread added: 0x0000029d6398cd70
Event: 0.049 Thread 0x0000029d67c993f0 Thread added: 0x0000029d67c993f0
Event: 0.072 Thread 0x0000029d67d91410 Thread added: 0x0000029d67d91410
Event: 0.144 Thread 0x0000029d67f70d60 Thread added: 0x0000029d67f70d60
Event: 0.144 Thread 0x0000029d67f712b0 Thread added: 0x0000029d67f712b0
Event: 0.145 Thread 0x0000029d67f9b190 Thread added: 0x0000029d67f9b190


Dynamic libraries:
0x00007ff72bbb0000 - 0x00007ff72bbc0000 	C:\Program Files\Java\jdk-20\bin\java.exe
0x00007ffcd08b0000 - 0x00007ffcd0aa7000 	C:\Windows\SYSTEM32\ntdll.dll
0x00007ffccf8b0000 - 0x00007ffccf96d000 	C:\Windows\System32\KERNEL32.DLL
0x00007ffcce080000 - 0x00007ffcce376000 	C:\Windows\System32\KERNELBASE.dll
0x00007ffcce600000 - 0x00007ffcce700000 	C:\Windows\System32\ucrtbase.dll
0x00007ffcafe80000 - 0x00007ffcafe9b000 	C:\Program Files\Java\jdk-20\bin\VCRUNTIME140.dll
0x00007ffcc67b0000 - 0x00007ffcc67c9000 	C:\Program Files\Java\jdk-20\bin\jli.dll
0x00007ffcd0640000 - 0x00007ffcd06ee000 	C:\Windows\System32\ADVAPI32.dll
0x00007ffccfa50000 - 0x00007ffccfaee000 	C:\Windows\System32\msvcrt.dll
0x00007ffcd0240000 - 0x00007ffcd02dc000 	C:\Windows\System32\sechost.dll
0x00007ffccede0000 - 0x00007ffccef06000 	C:\Windows\System32\RPCRT4.dll
0x00007ffccfbd0000 - 0x00007ffccfd6e000 	C:\Windows\System32\USER32.dll
0x00007ffcce700000 - 0x00007ffcce722000 	C:\Windows\System32\win32u.dll
0x00007ffcc0270000 - 0x00007ffcc050a000 	C:\Windows\WinSxS\amd64_microsoft.windows.common-controls_6595b64144ccf1df_6.0.19041.3570_none_60bb2a3971f3e41a\COMCTL32.dll
0x00007ffcd06f0000 - 0x00007ffcd071c000 	C:\Windows\System32\GDI32.dll
0x00007ffcce380000 - 0x00007ffcce49a000 	C:\Windows\System32\gdi32full.dll
0x00007ffcce870000 - 0x00007ffcce90d000 	C:\Windows\System32\msvcp_win.dll
0x00007ffcc74a0000 - 0x00007ffcc74aa000 	C:\Windows\SYSTEM32\VERSION.dll
0x00007ffccf880000 - 0x00007ffccf8b0000 	C:\Windows\System32\IMM32.DLL
0x00007ffcb9d10000 - 0x00007ffcb9d1c000 	C:\Program Files\Java\jdk-20\bin\vcruntime140_1.dll
0x00007ffc808e0000 - 0x00007ffc8096e000 	C:\Program Files\Java\jdk-20\bin\msvcp140.dll
0x00007ffc585e0000 - 0x00007ffc59278000 	C:\Program Files\Java\jdk-20\bin\server\jvm.dll
0x00007ffcc3be0000 - 0x00007ffcc3c07000 	C:\Windows\SYSTEM32\WINMM.dll
0x00007ffcba420000 - 0x00007ffcba429000 	C:\Windows\SYSTEM32\WSOCK32.dll
0x00007ffcce9c0000 - 0x00007ffccea2b000 	C:\Windows\System32\WS2_32.dll
0x00007ffccbe50000 - 0x00007ffccbe62000 	C:\Windows\SYSTEM32\kernel.appcore.dll
0x00007ffcb9c20000 - 0x00007ffcb9c2a000 	C:\Program Files\Java\jdk-20\bin\jimage.dll
0x00007ffcbdac0000 - 0x00007ffcbdca4000 	C:\Windows\SYSTEM32\DBGHELP.DLL
0x00007ffcbd420000 - 0x00007ffcbd454000 	C:\Windows\SYSTEM32\dbgcore.DLL
0x00007ffcce7e0000 - 0x00007ffcce862000 	C:\Windows\System32\bcryptPrimitives.dll
0x00007ffc82f80000 - 0x00007ffc82fa6000 	C:\Program Files\Java\jdk-20\bin\java.dll
0x00007ffc75320000 - 0x00007ffc753f7000 	C:\Program Files\Java\jdk-20\bin\jsvml.dll
0x00007ffccf120000 - 0x00007ffccf864000 	C:\Windows\System32\SHELL32.dll
0x00007ffccc050000 - 0x00007ffccc7eb000 	C:\Windows\SYSTEM32\windows.storage.dll
0x00007ffcd02e0000 - 0x00007ffcd0634000 	C:\Windows\System32\combase.dll
0x00007ffccd900000 - 0x00007ffccd92d000 	C:\Windows\SYSTEM32\Wldp.dll
0x00007ffcce910000 - 0x00007ffcce9bd000 	C:\Windows\System32\SHCORE.dll
0x00007ffcd0720000 - 0x00007ffcd0775000 	C:\Windows\System32\shlwapi.dll
0x00007ffccdec0000 - 0x00007ffccdee5000 	C:\Windows\SYSTEM32\profapi.dll
0x00007ffc9c940000 - 0x00007ffc9c953000 	C:\Program Files\Java\jdk-20\bin\net.dll
0x00007ffcc7590000 - 0x00007ffcc769a000 	C:\Windows\SYSTEM32\WINHTTP.dll
0x00007ffccd660000 - 0x00007ffccd6ca000 	C:\Windows\system32\mswsock.dll
0x00007ffc977c0000 - 0x00007ffc977d6000 	C:\Program Files\Java\jdk-20\bin\nio.dll
0x00007ffc81e70000 - 0x00007ffc81e88000 	C:\Program Files\Java\jdk-20\bin\zip.dll
0x00007ffc74dd0000 - 0x00007ffc74f61000 	C:\Program Files\Java\jdk-20\bin\awt.dll
0x00007ffccf970000 - 0x00007ffccfa3d000 	C:\Windows\System32\OLEAUT32.dll
0x00007ffccb7e0000 - 0x00007ffccb870000 	C:\Windows\SYSTEM32\apphelp.dll
0x00007ffccbb60000 - 0x00007ffccbb8f000 	C:\Windows\system32\DWMAPI.DLL
0x00007ffccb980000 - 0x00007ffccba1e000 	C:\Windows\system32\uxtheme.dll
0x00007ffcb4130000 - 0x00007ffcb4255000 	C:\Windows\system32\opengl32.dll
0x00007ffcb43a0000 - 0x00007ffcb43cc000 	C:\Windows\SYSTEM32\GLU32.dll
0x00007ffccebe0000 - 0x00007ffccecf4000 	C:\Windows\System32\MSCTF.dll
0x00007ffccef10000 - 0x00007ffccf03b000 	C:\Windows\System32\ole32.dll

dbghelp: loaded successfully - version: 4.0.5 - missing functions: none
symbol engine: initialized successfully - sym options: 0x614 - pdb path: .;C:\Program Files\Java\jdk-20\bin;C:\Windows\SYSTEM32;C:\Windows\WinSxS\amd64_microsoft.windows.common-controls_6595b64144ccf1df_6.0.19041.3570_none_60bb2a3971f3e41a;C:\Program Files\Java\jdk-20\bin\server

VM Arguments:
jvm_args: -Dfile.encoding=UTF-8 --module-path=C:\Users\user\Documents\NetBeansProjects\Bank Management System\build\classes 
java_command: bank.management.system.signupThree
java_class_path (initial): C:\Users\user\Downloads\jcalendar-tz-1.3.3-4.jar;C:\Users\user\Downloads\mysql-connector-java-8.0.28.jar;C:\Users\user\Documents\NetBeansProjects\Bank Management System\build\classes
Launcher Type: SUN_STANDARD

[Global flags]
     intx CICompilerCount                          = 3                                         {product} {ergonomic}
     uint ConcGCThreads                            = 1                                         {product} {ergonomic}
     uint G1ConcRefinementThreads                  = 4                                         {product} {ergonomic}
   size_t G1HeapRegionSize                         = 1048576                                   {product} {ergonomic}
    uintx GCDrainStackTargetSize                   = 64                                        {product} {ergonomic}
   size_t InitialHeapSize                          = 134217728                                 {product} {ergonomic}
   size_t MarkStackSize                            = 4194304                                   {product} {ergonomic}
   size_t MaxHeapSize                              = 2126512128                                {product} {ergonomic}
   size_t MaxNewSize                               = 1275068416                                {product} {ergonomic}
   size_t MinHeapDeltaBytes                        = 1048576                                   {product} {ergonomic}
   size_t MinHeapSize                              = 8388608                                   {product} {ergonomic}
    uintx NonNMethodCodeHeapSize                   = 5832780                                {pd product} {ergonomic}
    uintx NonProfiledCodeHeapSize                  = 122912730                              {pd product} {ergonomic}
    uintx ProfiledCodeHeapSize                     = 122912730                              {pd product} {ergonomic}
    uintx ReservedCodeCacheSize                    = 251658240                              {pd product} {ergonomic}
     bool SegmentedCodeCache                       = true                                      {product} {ergonomic}
   size_t SoftMaxHeapSize                          = 2126512128                             {manageable} {ergonomic}
     bool UseCompressedClassPointers               = true                           {product lp64_product} {ergonomic}
     bool UseCompressedOops                        = true                           {product lp64_product} {ergonomic}
     bool UseG1GC                                  = true                                      {product} {ergonomic}
     bool UseLargePagesIndividualAllocation        = false                                  {pd product} {ergonomic}

Logging:
Log output configuration:
 #0: stdout all=warning uptime,level,tags foldmultilines=false
 #1: stderr all=off uptime,level,tags foldmultilines=false

Environment Variables:
PATH=C:\Program Files\Common Files\Oracle\Java\javapath;C:\Windows\system32;C:\Windows;C:\Windows\System32\Wbem;C:\Windows\System32\WindowsPowerShell\v1.0\;C:\Windows\System32\OpenSSH\;C:\Program Files\MySQL\MySQL Shell 8.0\bin\;C:\Users\user\AppData\Local\Microsoft\WindowsApps;;C:\Program Files\JetBrains\IntelliJ IDEA Educational Edition 2022.2.2\bin;;C:\Users\user\AppData\Local\Programs\Microsoft VS Code\bin
USERNAME=user
OS=Windows_NT
PROCESSOR_IDENTIFIER=Intel64 Family 6 Model 60 Stepping 3, GenuineIntel
TMP=C:\Users\user\AppData\Local\Temp
TEMP=C:\Users\user\AppData\Local\Temp




---------------  S Y S T E M  ---------------

OS:
 Windows 10 , 64 bit Build 19041 (10.0.19041.3570)
OS uptime: 0 days 2:00 hours

CPU: total 4 (initial active 4) (4 cores per cpu, 1 threads per core) family 6 model 60 stepping 3 microcode 0x27, cx8, cmov, fxsr, mmx, sse, sse2, sse3, ssse3, sse4.1, sse4.2, popcnt, lzcnt, tsc, tscinvbit, avx, avx2, aes, erms, clmul, bmi1, bmi2, fma, vzeroupper, clflush, rdtscp, f16c

Memory: 4k page, system-wide physical 8110M (843M free)
TotalPageFile size 32686M (AvailPageFile size 4M)
current process WorkingSet (physical memory assigned to process): 47M, peak: 47M
current process commit charge ("private bytes"): 207M, peak: 207M

vm_info: Java HotSpot(TM) 64-Bit Server VM (20.0.2+9-78) for windows-amd64 JRE (20.0.2+9-78), built on 2023-06-14T10:08:48Z by "mach5one" with MS VC++ 17.1 (VS2022)

END.
